2017-08-30 13:59:12,633 - app - ERROR - Exception on /api/webhook [POST]
Traceback (most recent call last):
  File "/usr/local/lib/python3.5/dist-packages/flask/app.py", line 1988, in wsgi_app
    response = self.full_dispatch_request()
  File "/usr/local/lib/python3.5/dist-packages/flask/app.py", line 1641, in full_dispatch_request
    rv = self.handle_user_exception(e)
  File "/usr/local/lib/python3.5/dist-packages/flask/app.py", line 1544, in handle_user_exception
    reraise(exc_type, exc_value, tb)
  File "/usr/local/lib/python3.5/dist-packages/flask/_compat.py", line 33, in reraise
    raise value
  File "/usr/local/lib/python3.5/dist-packages/flask/app.py", line 1639, in full_dispatch_request
    rv = self.dispatch_request()
  File "/usr/local/lib/python3.5/dist-packages/flask/app.py", line 1625, in dispatch_request
    return self.view_functions[rule.endpoint](**req.view_args)
  File "/home/lekanterragon/Desktop/pyungprojects/pyungbot/bot/api/bot.py", line 24, in webhook
    return view_class.post()
  File "/home/lekanterragon/Desktop/pyungprojects/pyungbot/bot/api/bot.py", line 38, in post
    event_type = get_event_type(payload)
  File "/home/lekanterragon/Desktop/pyungprojects/pyungbot/bot/slack/funcs.py", line 2, in get_event_type
    event = payload.get('event').get('type')
AttributeError: 'NoneType' object has no attribute 'get'
2017-08-30 14:00:05,012 - app - ERROR - Exception on /api/webhook [POST]
Traceback (most recent call last):
  File "/usr/local/lib/python3.5/dist-packages/flask/app.py", line 1988, in wsgi_app
    response = self.full_dispatch_request()
  File "/usr/local/lib/python3.5/dist-packages/flask/app.py", line 1641, in full_dispatch_request
    rv = self.handle_user_exception(e)
  File "/usr/local/lib/python3.5/dist-packages/flask/app.py", line 1544, in handle_user_exception
    reraise(exc_type, exc_value, tb)
  File "/usr/local/lib/python3.5/dist-packages/flask/_compat.py", line 33, in reraise
    raise value
  File "/usr/local/lib/python3.5/dist-packages/flask/app.py", line 1639, in full_dispatch_request
    rv = self.dispatch_request()
  File "/usr/local/lib/python3.5/dist-packages/flask/app.py", line 1625, in dispatch_request
    return self.view_functions[rule.endpoint](**req.view_args)
  File "/home/lekanterragon/Desktop/pyungprojects/pyungbot/bot/api/bot.py", line 24, in webhook
    return view_class.post()
  File "/home/lekanterragon/Desktop/pyungprojects/pyungbot/bot/api/bot.py", line 38, in post
    event_type = get_event_type(payload)
  File "/home/lekanterragon/Desktop/pyungprojects/pyungbot/bot/slack/funcs.py", line 2, in get_event_type
    event = payload.get('event').get('type')
AttributeError: 'NoneType' object has no attribute 'get'
2017-08-30 14:00:19,559 - app - ERROR - Exception on /api/webhook [GET]
Traceback (most recent call last):
  File "/usr/local/lib/python3.5/dist-packages/flask/app.py", line 1988, in wsgi_app
    response = self.full_dispatch_request()
  File "/usr/local/lib/python3.5/dist-packages/flask/app.py", line 1642, in full_dispatch_request
    response = self.make_response(rv)
  File "/usr/local/lib/python3.5/dist-packages/flask/app.py", line 1731, in make_response
    raise ValueError('View function did not return a response')
ValueError: View function did not return a response
2017-08-30 14:01:07,395 - app - ERROR - Exception on /api/webhook [GET]
Traceback (most recent call last):
  File "/usr/local/lib/python3.5/dist-packages/flask/app.py", line 1988, in wsgi_app
    response = self.full_dispatch_request()
  File "/usr/local/lib/python3.5/dist-packages/flask/app.py", line 1642, in full_dispatch_request
    response = self.make_response(rv)
  File "/usr/local/lib/python3.5/dist-packages/flask/app.py", line 1731, in make_response
    raise ValueError('View function did not return a response')
ValueError: View function did not return a response
2017-08-30 14:01:38,157 - app - ERROR - Exception on /api/webhook [POST]
Traceback (most recent call last):
  File "/usr/local/lib/python3.5/dist-packages/flask/app.py", line 1988, in wsgi_app
    response = self.full_dispatch_request()
  File "/usr/local/lib/python3.5/dist-packages/flask/app.py", line 1641, in full_dispatch_request
    rv = self.handle_user_exception(e)
  File "/usr/local/lib/python3.5/dist-packages/flask/app.py", line 1544, in handle_user_exception
    reraise(exc_type, exc_value, tb)
  File "/usr/local/lib/python3.5/dist-packages/flask/_compat.py", line 33, in reraise
    raise value
  File "/usr/local/lib/python3.5/dist-packages/flask/app.py", line 1639, in full_dispatch_request
    rv = self.dispatch_request()
  File "/usr/local/lib/python3.5/dist-packages/flask/app.py", line 1625, in dispatch_request
    return self.view_functions[rule.endpoint](**req.view_args)
  File "/home/lekanterragon/Desktop/pyungprojects/pyungbot/bot/api/bot.py", line 24, in webhook
    return view_class.post()
  File "/home/lekanterragon/Desktop/pyungprojects/pyungbot/bot/api/bot.py", line 38, in post
    event_type = get_event_type(payload)
  File "/home/lekanterragon/Desktop/pyungprojects/pyungbot/bot/slack/funcs.py", line 2, in get_event_type
    event = payload.get('event').get('type')
AttributeError: 'NoneType' object has no attribute 'get'
2017-08-30 14:02:32,603 - app - ERROR - Exception on /api/webhook [POST]
Traceback (most recent call last):
  File "/usr/local/lib/python3.5/dist-packages/flask/app.py", line 1988, in wsgi_app
    response = self.full_dispatch_request()
  File "/usr/local/lib/python3.5/dist-packages/flask/app.py", line 1641, in full_dispatch_request
    rv = self.handle_user_exception(e)
  File "/usr/local/lib/python3.5/dist-packages/flask/app.py", line 1544, in handle_user_exception
    reraise(exc_type, exc_value, tb)
  File "/usr/local/lib/python3.5/dist-packages/flask/_compat.py", line 33, in reraise
    raise value
  File "/usr/local/lib/python3.5/dist-packages/flask/app.py", line 1639, in full_dispatch_request
    rv = self.dispatch_request()
  File "/usr/local/lib/python3.5/dist-packages/flask/app.py", line 1625, in dispatch_request
    return self.view_functions[rule.endpoint](**req.view_args)
  File "/home/lekanterragon/Desktop/pyungprojects/pyungbot/bot/api/bot.py", line 24, in webhook
    return view_class.post()
  File "/home/lekanterragon/Desktop/pyungprojects/pyungbot/bot/api/bot.py", line 38, in post
    print(payload)
  File "/home/lekanterragon/Desktop/pyungprojects/pyungbot/bot/slack/funcs.py", line 2, in get_event_type
    event = payload.get('event').get('type')
AttributeError: 'NoneType' object has no attribute 'get'
2017-08-30 14:02:32,827 - app - ERROR - Exception on /api/webhook [POST]
Traceback (most recent call last):
  File "/usr/local/lib/python3.5/dist-packages/flask/app.py", line 1988, in wsgi_app
    response = self.full_dispatch_request()
  File "/usr/local/lib/python3.5/dist-packages/flask/app.py", line 1641, in full_dispatch_request
    rv = self.handle_user_exception(e)
  File "/usr/local/lib/python3.5/dist-packages/flask/app.py", line 1544, in handle_user_exception
    reraise(exc_type, exc_value, tb)
  File "/usr/local/lib/python3.5/dist-packages/flask/_compat.py", line 33, in reraise
    raise value
  File "/usr/local/lib/python3.5/dist-packages/flask/app.py", line 1639, in full_dispatch_request
    rv = self.dispatch_request()
  File "/usr/local/lib/python3.5/dist-packages/flask/app.py", line 1625, in dispatch_request
    return self.view_functions[rule.endpoint](**req.view_args)
  File "/home/lekanterragon/Desktop/pyungprojects/pyungbot/bot/api/bot.py", line 24, in webhook
    return view_class.post()
  File "/home/lekanterragon/Desktop/pyungprojects/pyungbot/bot/api/bot.py", line 38, in post
    print(payload)
  File "/home/lekanterragon/Desktop/pyungprojects/pyungbot/bot/slack/funcs.py", line 2, in get_event_type
    event = payload.get('event').get('type')
AttributeError: 'NoneType' object has no attribute 'get'
